#
# There is insufficient memory for the Java Runtime Environment to continue.
# Native memory allocation (malloc) failed to allocate 32744 bytes for ChunkPool::allocate
# Possible reasons:
#   The system is out of physical RAM or swap space
#   The process is running with CompressedOops enabled, and the Java Heap may be blocking the growth of the native heap
# Possible solutions:
#   Reduce memory load on the system
#   Increase physical memory or swap space
#   Check if swap backing store is full
#   Decrease Java heap size (-Xmx/-Xms)
#   Decrease number of Java threads
#   Decrease Java thread stack sizes (-Xss)
#   Set larger code cache with -XX:ReservedCodeCacheSize=
#   JVM is running with Unscaled Compressed Oops mode in which the Java heap is
#     placed in the first 4GB address space. The Java Heap base address is the
#     maximum limit for the native heap growth. Please use -XX:HeapBaseMinAddress
#     to set the Java Heap base and to place the Java Heap above 4GB virtual address.
# This output file may be truncated or incomplete.
#
#  Out of Memory Error (allocation.cpp:272), pid=9700, tid=0x0000000000003890
#
# JRE version: Java(TM) SE Runtime Environment (8.0_361) (build 1.8.0_361-b09)
# Java VM: Java HotSpot(TM) 64-Bit Server VM (25.361-b09 mixed mode windows-amd64 compressed oops)
# Failed to write core dump. Minidumps are not enabled by default on client versions of Windows
#

---------------  T H R E A D  ---------------

Current thread (0x0000027098142800):  JavaThread "C2 CompilerThread1" daemon [_thread_in_native, id=14480, stack(0x000000ec9b400000,0x000000ec9b500000)]

Stack: [0x000000ec9b400000,0x000000ec9b500000]
Native frames: (J=compiled Java code, j=interpreted, Vv=VM code, C=native code)
V  [jvm.dll+0x3317a9]
V  [jvm.dll+0x277c4e]
V  [jvm.dll+0x27888d]
V  [jvm.dll+0x26f0d5]
V  [jvm.dll+0xd5dad]
V  [jvm.dll+0xd610c]
V  [jvm.dll+0x4c9553]
V  [jvm.dll+0x4c8320]
V  [jvm.dll+0x4e8640]
V  [jvm.dll+0x43a8de]
V  [jvm.dll+0x443825]
V  [jvm.dll+0x442be5]
V  [jvm.dll+0x42d98b]
V  [jvm.dll+0xac70b]
V  [jvm.dll+0xaad6b]
V  [jvm.dll+0x23ffb2]
V  [jvm.dll+0x294a5c]
C  [ucrtbase.dll+0x21bb2]
C  [KERNEL32.DLL+0x17344]
C  [ntdll.dll+0x526b1]


Current CompileTask:
C2:   4026 1641   !   4       java.net.URLClassLoader$1::run (81 bytes)


---------------  P R O C E S S  ---------------

Java Threads: ( => current thread )
  0x0000027098199800 JavaThread "Service Thread" daemon [_thread_blocked, id=24056, stack(0x000000ec9b600000,0x000000ec9b700000)]
  0x0000027098158800 JavaThread "C1 CompilerThread2" daemon [_thread_blocked, id=21868, stack(0x000000ec9b500000,0x000000ec9b600000)]
=>0x0000027098142800 JavaThread "C2 CompilerThread1" daemon [_thread_in_native, id=14480, stack(0x000000ec9b400000,0x000000ec9b500000)]
  0x000002709813f800 JavaThread "C2 CompilerThread0" daemon [_thread_in_native, id=27568, stack(0x000000ec9b300000,0x000000ec9b400000)]
  0x0000027098136800 JavaThread "Attach Listener" daemon [_thread_blocked, id=6612, stack(0x000000ec9b200000,0x000000ec9b300000)]
  0x0000027098134800 JavaThread "Signal Dispatcher" daemon [_thread_blocked, id=24504, stack(0x000000ec9b100000,0x000000ec9b200000)]
  0x00000270979e9800 JavaThread "Finalizer" daemon [_thread_blocked, id=46028, stack(0x000000ec9b000000,0x000000ec9b100000)]
  0x0000027098116000 JavaThread "Reference Handler" daemon [_thread_blocked, id=40648, stack(0x000000ec9af00000,0x000000ec9b000000)]
  0x0000027081a93800 JavaThread "main" [_thread_in_native, id=24484, stack(0x000000ec9a900000,0x000000ec9aa00000)]

Other Threads:
  0x00000270980f5000 VMThread [stack: 0x000000ec9ae00000,0x000000ec9af00000] [id=52196]
  0x00000270981e4800 WatcherThread [stack: 0x000000ec9b700000,0x000000ec9b800000] [id=41168]

VM state:not at safepoint (normal execution)

VM Mutex/Monitor currently owned by a thread: None

heap address: 0x0000000082800000, size: 2008 MB, Compressed Oops mode: 32-bit
Narrow klass base: 0x0000000000000000, Narrow klass shift: 3
Compressed class space size: 1073741824 Address: 0x0000000100000000

Heap:
 PSYoungGen      total 37888K, used 35415K [0x00000000d6300000, 0x00000000dad00000, 0x0000000100000000)
  eden space 32768K, 92% used [0x00000000d6300000,0x00000000d809bdd8,0x00000000d8300000)
  from space 5120K, 99% used [0x00000000d8800000,0x00000000d8cfa128,0x00000000d8d00000)
  to   space 5120K, 0% used [0x00000000d8300000,0x00000000d8300000,0x00000000d8800000)
 ParOldGen       total 86016K, used 3435K [0x0000000082800000, 0x0000000087c00000, 0x00000000d6300000)
  object space 86016K, 3% used [0x0000000082800000,0x0000000082b5afc8,0x0000000087c00000)
 Metaspace       used 15017K, capacity 15238K, committed 15488K, reserved 1062912K
  class space    used 1823K, capacity 1909K, committed 1920K, reserved 1048576K

Card table byte_map: [0x0000027092780000,0x0000027092b70000] byte_map_base: 0x000002709236c000

Marking Bits: (ParMarkBitMap*) 0x000000007253b090
 Begin Bits: [0x0000027092e10000, 0x0000027094d70000)
 End Bits:   [0x0000027094d70000, 0x0000027096cd0000)

Polling page: 0x0000027083390000

CodeCache: size=245760Kb used=6632Kb max_used=6632Kb free=239127Kb
 bounds [0x00000270833c0000, 0x0000027083a40000, 0x00000270923c0000]
 total_blobs=2330 nmethods=1980 adapters=262
 compilation: enabled

Compilation events (10 events):
Event: 3.597 Thread 0x0000027098158800 1899       1       org.apache.maven.model.building.DefaultModelBuildingRequest::getModelResolver (5 bytes)
Event: 3.597 Thread 0x0000027098158800 nmethod 1899 0x0000027083a1a110 code [0x0000027083a1a260, 0x0000027083a1a378]
Event: 3.609 Thread 0x0000027098158800 1901       1       org.apache.maven.model.Parent::getArtifactId (5 bytes)
Event: 3.609 Thread 0x0000027098158800 nmethod 1901 0x0000027083a1a3d0 code [0x0000027083a1a520, 0x0000027083a1a638]
Event: 3.610 Thread 0x0000027098158800 1902       1       org.eclipse.aether.DefaultRepositorySystemSession::getLocalRepositoryManager (5 bytes)
Event: 3.610 Thread 0x0000027098158800 nmethod 1902 0x0000027083a1a690 code [0x0000027083a1a7e0, 0x0000027083a1a8f8]
Event: 3.613 Thread 0x0000027098158800 1903       2       org.apache.maven.model.io.xpp3.MavenXpp3ReaderEx$Xpp3DomBuilderInputLocationBuilder::toInputLocation (27 bytes)
Event: 3.614 Thread 0x0000027098158800 nmethod 1903 0x0000027083a1a950 code [0x0000027083a1aac0, 0x0000027083a1ad18]
Event: 3.614 Thread 0x0000027098158800 1904       2       org.codehaus.plexus.util.xml.Xpp3Dom::setInputLocation (6 bytes)
Event: 3.614 Thread 0x0000027098158800 nmethod 1904 0x0000027083a1ae50 code [0x0000027083a1afa0, 0x0000027083a1b118]

GC Heap History (4 events):
Event: 1.752 GC heap before
{Heap before GC invocations=1 (full 0):
 PSYoungGen      total 37888K, used 32768K [0x00000000d6300000, 0x00000000d8d00000, 0x0000000100000000)
  eden space 32768K, 100% used [0x00000000d6300000,0x00000000d8300000,0x00000000d8300000)
  from space 5120K, 0% used [0x00000000d8800000,0x00000000d8800000,0x00000000d8d00000)
  to   space 5120K, 0% used [0x00000000d8300000,0x00000000d8300000,0x00000000d8800000)
 ParOldGen       total 86016K, used 0K [0x0000000082800000, 0x0000000087c00000, 0x00000000d6300000)
  object space 86016K, 0% used [0x0000000082800000,0x0000000082800000,0x0000000087c00000)
 Metaspace       used 8610K, capacity 8768K, committed 8832K, reserved 1056768K
  class space    used 1045K, capacity 1114K, committed 1152K, reserved 1048576K
Event: 1.763 GC heap after
Heap after GC invocations=1 (full 0):
 PSYoungGen      total 37888K, used 5095K [0x00000000d6300000, 0x00000000d8d00000, 0x0000000100000000)
  eden space 32768K, 0% used [0x00000000d6300000,0x00000000d6300000,0x00000000d8300000)
  from space 5120K, 99% used [0x00000000d8300000,0x00000000d87f9da8,0x00000000d8800000)
  to   space 5120K, 0% used [0x00000000d8800000,0x00000000d8800000,0x00000000d8d00000)
 ParOldGen       total 86016K, used 780K [0x0000000082800000, 0x0000000087c00000, 0x00000000d6300000)
  object space 86016K, 0% used [0x0000000082800000,0x00000000828c3378,0x0000000087c00000)
 Metaspace       used 8610K, capacity 8768K, committed 8832K, reserved 1056768K
  class space    used 1045K, capacity 1114K, committed 1152K, reserved 1048576K
}
Event: 2.673 GC heap before
{Heap before GC invocations=2 (full 0):
 PSYoungGen      total 37888K, used 37863K [0x00000000d6300000, 0x00000000d8d00000, 0x0000000100000000)
  eden space 32768K, 100% used [0x00000000d6300000,0x00000000d8300000,0x00000000d8300000)
  from space 5120K, 99% used [0x00000000d8300000,0x00000000d87f9da8,0x00000000d8800000)
  to   space 5120K, 0% used [0x00000000d8800000,0x00000000d8800000,0x00000000d8d00000)
 ParOldGen       total 86016K, used 780K [0x0000000082800000, 0x0000000087c00000, 0x00000000d6300000)
  object space 86016K, 0% used [0x0000000082800000,0x00000000828c3378,0x0000000087c00000)
 Metaspace       used 12465K, capacity 12588K, committed 12672K, reserved 1060864K
  class space    used 1570K, capacity 1638K, committed 1664K, reserved 1048576K
Event: 2.691 GC heap after
Heap after GC invocations=2 (full 0):
 PSYoungGen      total 37888K, used 5096K [0x00000000d6300000, 0x00000000dad00000, 0x0000000100000000)
  eden space 32768K, 0% used [0x00000000d6300000,0x00000000d6300000,0x00000000d8300000)
  from space 5120K, 99% used [0x00000000d8800000,0x00000000d8cfa128,0x00000000d8d00000)
  to   space 5120K, 0% used [0x00000000d8300000,0x00000000d8300000,0x00000000d8800000)
 ParOldGen       total 86016K, used 3435K [0x0000000082800000, 0x0000000087c00000, 0x00000000d6300000)
  object space 86016K, 3% used [0x0000000082800000,0x0000000082b5afc8,0x0000000087c00000)
 Metaspace       used 12465K, capacity 12588K, committed 12672K, reserved 1060864K
  class space    used 1570K, capacity 1638K, committed 1664K, reserved 1048576K
}

Deoptimization events (10 events):
Event: 3.082 Thread 0x0000027081a93800 Uncommon trap: reason=unstable_if action=reinterpret pc=0x0000027083884038 method=sun.net.util.IPAddressUtil.scan(Ljava/lang/String;JJ[C)I @ 14
Event: 3.084 Thread 0x0000027081a93800 Uncommon trap: reason=bimorphic action=maybe_recompile pc=0x00000270839052c0 method=java.net.URL.<init>(Ljava/net/URL;Ljava/lang/String;Ljava/net/URLStreamHandler;)V @ 504
Event: 3.126 Thread 0x0000027081a93800 Uncommon trap: reason=unstable_if action=reinterpret pc=0x0000027083618554 method=java.lang.AbstractStringBuilder.append(Ljava/lang/String;)Ljava/lang/AbstractStringBuilder; @ 1
Event: 3.126 Thread 0x0000027081a93800 Uncommon trap: reason=unstable_if action=reinterpret pc=0x00000270835eb6cc method=java.lang.AbstractStringBuilder.append(Ljava/lang/String;)Ljava/lang/AbstractStringBuilder; @ 1
Event: 3.136 Thread 0x0000027081a93800 Uncommon trap: reason=bimorphic action=maybe_recompile pc=0x00000270839315b8 method=java.util.regex.Pattern$CharProperty.match(Ljava/util/regex/Matcher;ILjava/lang/CharSequence;)Z @ 37
Event: 3.138 Thread 0x0000027081a93800 Uncommon trap: reason=bimorphic action=maybe_recompile pc=0x00000270839315b8 method=java.util.regex.Pattern$CharProperty.match(Ljava/util/regex/Matcher;ILjava/lang/CharSequence;)Z @ 37
Event: 3.163 Thread 0x0000027081a93800 Uncommon trap: reason=unstable_if action=reinterpret pc=0x00000270835545d4 method=java.lang.String.replace(CC)Ljava/lang/String; @ 2
Event: 3.163 Thread 0x0000027081a93800 Uncommon trap: reason=bimorphic action=maybe_recompile pc=0x00000270839315b8 method=java.util.regex.Pattern$CharProperty.match(Ljava/util/regex/Matcher;ILjava/lang/CharSequence;)Z @ 37
Event: 3.163 Thread 0x0000027081a93800 Uncommon trap: reason=bimorphic action=maybe_recompile pc=0x00000270839315b8 method=java.util.regex.Pattern$CharProperty.match(Ljava/util/regex/Matcher;ILjava/lang/CharSequence;)Z @ 37
Event: 3.576 Thread 0x0000027081a93800 Uncommon trap: reason=unstable_if action=reinterpret pc=0x0000027083956748 method=org.codehaus.plexus.util.xml.pull.MXParser.nextImpl()I @ 879

Classes redefined (0 events):
No events

Internal exceptions (10 events):
Event: 2.734 Thread 0x0000027081a93800 Exception <a 'java/lang/NoClassDefFoundError': com/google/inject/servlet/ServletModuleTargetVisitor> (0x00000000d64588f8) thrown at [C:\jenkins\workspace\8-2-build-windows-x64-cygwin\jdk8u361\3183\hotspot\src\share\vm\classfile\systemDictionary.cpp, line 
Event: 2.734 Thread 0x0000027081a93800 Exception <a 'java/lang/NoClassDefFoundError'> (0x00000000d64588f8) thrown at [C:\jenkins\workspace\8-2-build-windows-x64-cygwin\jdk8u361\3183\hotspot\src\share\vm\prims\jvm.cpp, line 1517]
Event: 3.088 Thread 0x0000027081a93800 Exception <a 'java/lang/NullPointerException'> (0x00000000d6a93098) thrown at [C:\jenkins\workspace\8-2-build-windows-x64-cygwin\jdk8u361\3183\hotspot\src\share\vm\interpreter\linkResolver.cpp, line 1185]
Event: 3.088 Thread 0x0000027081a93800 Exception <a 'java/lang/NullPointerException'> (0x00000000d6a932a0) thrown at [C:\jenkins\workspace\8-2-build-windows-x64-cygwin\jdk8u361\3183\hotspot\src\share\vm\interpreter\linkResolver.cpp, line 1185]
Event: 3.088 Thread 0x0000027081a93800 Exception <a 'java/lang/NullPointerException'> (0x00000000d6a934a8) thrown at [C:\jenkins\workspace\8-2-build-windows-x64-cygwin\jdk8u361\3183\hotspot\src\share\vm\interpreter\linkResolver.cpp, line 1185]
Event: 3.088 Thread 0x0000027081a93800 Exception <a 'java/lang/NullPointerException'> (0x00000000d6a9a358) thrown at [C:\jenkins\workspace\8-2-build-windows-x64-cygwin\jdk8u361\3183\hotspot\src\share\vm\interpreter\linkResolver.cpp, line 1185]
Event: 3.088 Thread 0x0000027081a93800 Exception <a 'java/lang/NullPointerException'> (0x00000000d6a9a560) thrown at [C:\jenkins\workspace\8-2-build-windows-x64-cygwin\jdk8u361\3183\hotspot\src\share\vm\interpreter\linkResolver.cpp, line 1185]
Event: 3.088 Thread 0x0000027081a93800 Exception <a 'java/lang/NullPointerException'> (0x00000000d6a9a768) thrown at [C:\jenkins\workspace\8-2-build-windows-x64-cygwin\jdk8u361\3183\hotspot\src\share\vm\interpreter\linkResolver.cpp, line 1185]
Event: 3.126 Thread 0x0000027081a93800 Implicit null exception at 0x0000027083618196 to 0x000002708361853d
Event: 3.126 Thread 0x0000027081a93800 Implicit null exception at 0x00000270835eb316 to 0x00000270835eb6b5

Events (10 events):
Event: 3.284 loading class org/apache/maven/lifecycle/mapping/Lifecycle done
Event: 3.287 loading class org/apache/maven/lifecycle/mapping/LifecycleMojo
Event: 3.287 loading class org/apache/maven/lifecycle/mapping/LifecycleMojo done
Event: 3.295 loading class org/apache/maven/lifecycle/internal/DefaultLifecyclePluginAnalyzer$1
Event: 3.295 loading class org/apache/maven/lifecycle/internal/DefaultLifecyclePluginAnalyzer$1 done
Event: 3.304 loading class org/apache/maven/model/Site
Event: 3.304 loading class org/apache/maven/model/Site done
Event: 3.576 Thread 0x0000027081a93800 Uncommon trap: trap_request=0xffffff65 fr.pc=0x0000027083956748
Event: 3.576 Thread 0x0000027081a93800 DEOPT PACKING pc=0x0000027083956748 sp=0x000000ec9a9fd100
Event: 3.576 Thread 0x0000027081a93800 DEOPT UNPACKING pc=0x00000270834058c3 sp=0x000000ec9a9fd058 mode 2


Dynamic libraries:
0x00007ff7100f0000 - 0x00007ff710137000 	C:\Program Files\Java\jdk1.8.0_361\bin\java.exe
0x00007fff1ead0000 - 0x00007fff1ecc8000 	C:\Windows\SYSTEM32\ntdll.dll
0x00007fff1e9d0000 - 0x00007fff1ea8d000 	C:\Windows\System32\KERNEL32.DLL
0x00007fff1c520000 - 0x00007fff1c816000 	C:\Windows\System32\KERNELBASE.dll
0x00007fff1d370000 - 0x00007fff1d423000 	C:\Windows\System32\ADVAPI32.dll
0x00007fff1e660000 - 0x00007fff1e6fe000 	C:\Windows\System32\msvcrt.dll
0x00007fff1e5c0000 - 0x00007fff1e65f000 	C:\Windows\System32\sechost.dll
0x00007fff1e8a0000 - 0x00007fff1e9c6000 	C:\Windows\System32\RPCRT4.dll
0x00007fff1c190000 - 0x00007fff1c1b7000 	C:\Windows\System32\bcrypt.dll
0x00007fff1e700000 - 0x00007fff1e89e000 	C:\Windows\System32\USER32.dll
0x00007fff1c8c0000 - 0x00007fff1c8e2000 	C:\Windows\System32\win32u.dll
0x00007fff1d260000 - 0x00007fff1d28b000 	C:\Windows\System32\GDI32.dll
0x00007fff1c980000 - 0x00007fff1ca97000 	C:\Windows\System32\gdi32full.dll
0x00007fff1c820000 - 0x00007fff1c8bd000 	C:\Windows\System32\msvcp_win.dll
0x00007fff1c270000 - 0x00007fff1c370000 	C:\Windows\System32\ucrtbase.dll
0x00007fff00f80000 - 0x00007fff0121a000 	C:\Windows\WinSxS\amd64_microsoft.windows.common-controls_6595b64144ccf1df_6.0.19041.3636_none_60b6a03d71f818d5\COMCTL32.dll
0x00007fff1dea0000 - 0x00007fff1ded2000 	C:\Windows\System32\IMM32.DLL
0x00007fff14c10000 - 0x00007fff14c25000 	C:\Program Files\Java\jdk1.8.0_361\jre\bin\vcruntime140.dll
0x00007ffeda140000 - 0x00007ffeda1db000 	C:\Program Files\Java\jdk1.8.0_361\jre\bin\msvcp140.dll
0x0000000071d50000 - 0x00000000725b3000 	C:\Program Files\Java\jdk1.8.0_361\jre\bin\server\jvm.dll
0x00007fff1de60000 - 0x00007fff1de68000 	C:\Windows\System32\PSAPI.DLL
0x00007fff019d0000 - 0x00007fff019d9000 	C:\Windows\SYSTEM32\WSOCK32.dll
0x00007fff1dcd0000 - 0x00007fff1dd3b000 	C:\Windows\System32\WS2_32.dll
0x00007fff049f0000 - 0x00007fff04a17000 	C:\Windows\SYSTEM32\WINMM.dll
0x00007fff12f70000 - 0x00007fff12f7a000 	C:\Windows\SYSTEM32\VERSION.dll
0x00007fff1a990000 - 0x00007fff1a9a2000 	C:\Windows\SYSTEM32\kernel.appcore.dll
0x00007fff14cc0000 - 0x00007fff14cd0000 	C:\Program Files\Java\jdk1.8.0_361\jre\bin\verify.dll
0x00007fff062f0000 - 0x00007fff0631b000 	C:\Program Files\Java\jdk1.8.0_361\jre\bin\java.dll
0x00007fff0c9c0000 - 0x00007fff0c9d8000 	C:\Program Files\Java\jdk1.8.0_361\jre\bin\zip.dll
0x00007fff1cb10000 - 0x00007fff1d255000 	C:\Windows\System32\SHELL32.dll
0x00007fff1a1e0000 - 0x00007fff1a97c000 	C:\Windows\SYSTEM32\windows.storage.dll
0x00007fff1d640000 - 0x00007fff1d994000 	C:\Windows\System32\combase.dll
0x00007fff1baf0000 - 0x00007fff1bb1e000 	C:\Windows\SYSTEM32\Wldp.dll
0x00007fff1d9a0000 - 0x00007fff1da6d000 	C:\Windows\System32\OLEAUT32.dll
0x00007fff1da70000 - 0x00007fff1db1d000 	C:\Windows\System32\SHCORE.dll
0x00007fff1d5e0000 - 0x00007fff1d635000 	C:\Windows\System32\shlwapi.dll
0x00007fff1c0c0000 - 0x00007fff1c0e5000 	C:\Windows\SYSTEM32\profapi.dll
0x0000000069ac0000 - 0x0000000069ae4000 	C:\apache-maven-3.9.1\lib\jansi-native\Windows\x86_64\jansi.dll
0x00007fff19f00000 - 0x00007fff1a0e4000 	C:\Windows\SYSTEM32\dbghelp.dll
0x00007fff1c8f0000 - 0x00007fff1c972000 	C:\Windows\System32\bcryptPrimitives.dll

VM Arguments:
jvm_args: -Dclassworlds.conf=C:\apache-maven-3.9.1\bin\m2.conf -Dmaven.home=C:\apache-maven-3.9.1 -Dlibrary.jansi.path=C:\apache-maven-3.9.1\lib\jansi-native -Dmaven.multiModuleProjectDirectory=C:\Users\Lenovo\Documents\DockerWithKurbernet\department-service 
java_command: org.codehaus.plexus.classworlds.launcher.Launcher clean package dockerfile:push
java_class_path (initial): C:\apache-maven-3.9.1\boot\plexus-classworlds-2.6.0.jar
Launcher Type: SUN_STANDARD

Environment Variables:
JAVA_HOME=C:\Program Files\Java\jdk1.8.0_361
PATH=C:\app\Lenovo\product\21c\dbhomeXE\bin;C:\Program Files (x86)\Common Files\Oracle\Java\javapath;C:\Windows\system32;C:\Windows;C:\Windows\System32\Wbem;C:\Windows\System32\WindowsPowerShell\v1.0\;C:\Windows\System32\OpenSSH\;C:\apache-maven-3.9.1\bin;C:\Program Files\Java\jdk1.8.0_361\bin;C:\Program Files\Git\cmd;C:\Program Files (x86)\Microsoft SQL Server\160\Tools\Binn\;C:\Program Files\Microsoft SQL Server\160\Tools\Binn\;C:\Program Files\Microsoft SQL Server\Client SDK\ODBC\170\Tools\Binn\;C:\Program Files\Microsoft SQL Server\160\DTS\Binn\;C:\Program Files (x86)\Microsoft SQL Server\160\DTS\Binn\;C:\Program Files\Azure Data Studio\bin;C:\Program Files\nodejs\;C:\Program Files\Docker\Docker\resources\bin;C:\Program Files\Kubernetes\Minikube;C:\Program Files\MySQL\MySQL Server 8.0;C:\apache-maven-3.9.1\bin;C:\Program Files\MySQL\MySQL Shell 8.0\bin\;C:\Users\Lenovo\AppData\Local\Microsoft\WindowsApps;C:\Users\Lenovo\AppData\Local\GitHubDesktop\bin;C:\Users\Lenovo\AppData\Local\Programs\Microsoft VS Code\bin;C:\Users\Lenovo\AppData\Roaming\npm
USERNAME=Lenovo
OS=Windows_NT
PROCESSOR_IDENTIFIER=Intel64 Family 6 Model 142 Stepping 12, GenuineIntel



---------------  S Y S T E M  ---------------

OS: Windows 10 , 64 bit Build 19041 (10.0.19041.3636)

CPU:total 4 (initial active 4) (2 cores per cpu, 2 threads per core) family 6 model 142 stepping 12, cmov, cx8, fxsr, mmx, sse, sse2, sse3, ssse3, sse4.1, sse4.2, popcnt, avx, avx2, aes, clmul, erms, 3dnowpref, lzcnt, ht, tsc, tscinvbit, bmi1, bmi2, adx

Memory: 4k page, physical 8218932k(119260k free), swap 26280440k(24160k free)

vm_info: Java HotSpot(TM) 64-Bit Server VM (25.361-b09) for windows-amd64 JRE (1.8.0_361-b09), built on Jan  9 2023 08:38:53 by "java_re" with MS VC++ 15.9 (VS2017)

time: Tue Feb 27 23:50:49 2024
timezone: India Standard Time
elapsed time: 4.031720 seconds (0d 0h 0m 4s)

