#
# There is insufficient memory for the Java Runtime Environment to continue.
# Native memory allocation (malloc) failed to allocate 204096 bytes for Chunk::new
# Possible reasons:
#   The system is out of physical RAM or swap space
#   The process is running with CompressedOops enabled, and the Java Heap may be blocking the growth of the native heap
# Possible solutions:
#   Reduce memory load on the system
#   Increase physical memory or swap space
#   Check if swap backing store is full
#   Decrease Java heap size (-Xmx/-Xms)
#   Decrease number of Java threads
#   Decrease Java thread stack sizes (-Xss)
#   Set larger code cache with -XX:ReservedCodeCacheSize=
#   JVM is running with Unscaled Compressed Oops mode in which the Java heap is
#     placed in the first 4GB address space. The Java Heap base address is the
#     maximum limit for the native heap growth. Please use -XX:HeapBaseMinAddress
#     to set the Java Heap base and to place the Java Heap above 4GB virtual address.
# This output file may be truncated or incomplete.
#
#  Out of Memory Error (allocation.cpp:389), pid=5944, tid=0x000000000000add4
#
# JRE version: Java(TM) SE Runtime Environment (8.0_361) (build 1.8.0_361-b09)
# Java VM: Java HotSpot(TM) 64-Bit Server VM (25.361-b09 mixed mode windows-amd64 compressed oops)
# Failed to write core dump. Minidumps are not enabled by default on client versions of Windows
#

---------------  T H R E A D  ---------------

Current thread (0x0000026726345800):  JavaThread "C2 CompilerThread1" daemon [_thread_in_native, id=44500, stack(0x00000085fac00000,0x00000085fad00000)]

Stack: [0x00000085fac00000,0x00000085fad00000]
Native frames: (J=compiled Java code, j=interpreted, Vv=VM code, C=native code)
V  [jvm.dll+0x3317a9]
V  [jvm.dll+0x277c4e]
V  [jvm.dll+0x27888d]
V  [jvm.dll+0x26f0d5]
V  [jvm.dll+0xd590c]
V  [jvm.dll+0xd610c]
V  [jvm.dll+0x455cd2]
V  [jvm.dll+0x490d8d]
V  [jvm.dll+0x44539e]
V  [jvm.dll+0x442abb]
V  [jvm.dll+0x42d98b]
V  [jvm.dll+0xac70b]
V  [jvm.dll+0xaad6b]
V  [jvm.dll+0x23ffb2]
V  [jvm.dll+0x294a5c]
C  [ucrtbase.dll+0x21bb2]
C  [KERNEL32.DLL+0x17344]
C  [ntdll.dll+0x526b1]


Current CompileTask:
C2:   4313 2322       4       org.codehaus.plexus.util.xml.pull.MXParser::nextImpl (1202 bytes)


---------------  P R O C E S S  ---------------

Java Threads: ( => current thread )
  0x000002672639e000 JavaThread "Service Thread" daemon [_thread_blocked, id=21260, stack(0x00000085fae00000,0x00000085faf00000)]
  0x0000026726369800 JavaThread "C1 CompilerThread2" daemon [_thread_in_native, id=22380, stack(0x00000085fad00000,0x00000085fae00000)]
=>0x0000026726345800 JavaThread "C2 CompilerThread1" daemon [_thread_in_native, id=44500, stack(0x00000085fac00000,0x00000085fad00000)]
  0x000002672632b800 JavaThread "C2 CompilerThread0" daemon [_thread_in_native, id=16144, stack(0x00000085fab00000,0x00000085fac00000)]
  0x0000026726328000 JavaThread "Attach Listener" daemon [_thread_blocked, id=45812, stack(0x00000085faa00000,0x00000085fab00000)]
  0x0000026726327000 JavaThread "Signal Dispatcher" daemon [_thread_blocked, id=14340, stack(0x00000085fa900000,0x00000085faa00000)]
  0x000002670fedb000 JavaThread "Finalizer" daemon [_thread_blocked, id=51260, stack(0x00000085fa800000,0x00000085fa900000)]
  0x0000026726306000 JavaThread "Reference Handler" daemon [_thread_blocked, id=36720, stack(0x00000085fa700000,0x00000085fa800000)]
  0x000002670fc15000 JavaThread "main" [_thread_in_Java, id=25348, stack(0x00000085fa100000,0x00000085fa200000)]

Other Threads:
  0x00000267262e2000 VMThread [stack: 0x00000085fa600000,0x00000085fa700000] [id=50260]
  0x00000267263a1000 WatcherThread [stack: 0x00000085faf00000,0x00000085fb000000] [id=46320]

VM state:not at safepoint (normal execution)

VM Mutex/Monitor currently owned by a thread: None

heap address: 0x0000000082800000, size: 2008 MB, Compressed Oops mode: 32-bit
Narrow klass base: 0x0000000000000000, Narrow klass shift: 3
Compressed class space size: 1073741824 Address: 0x0000000100000000

Heap:
 PSYoungGen      total 37888K, used 26676K [0x00000000d6300000, 0x00000000dad00000, 0x0000000100000000)
  eden space 32768K, 65% used [0x00000000d6300000,0x00000000d7815120,0x00000000d8300000)
  from space 5120K, 99% used [0x00000000d8300000,0x00000000d87f8020,0x00000000d8800000)
  to   space 5120K, 0% used [0x00000000da800000,0x00000000da800000,0x00000000dad00000)
 ParOldGen       total 86016K, used 5057K [0x0000000082800000, 0x0000000087c00000, 0x00000000d6300000)
  object space 86016K, 5% used [0x0000000082800000,0x0000000082cf07b8,0x0000000087c00000)
 Metaspace       used 15437K, capacity 15662K, committed 15872K, reserved 1062912K
  class space    used 1836K, capacity 1941K, committed 2048K, reserved 1048576K

Card table byte_map: [0x0000026720aa0000,0x0000026720e90000] byte_map_base: 0x000002672068c000

Marking Bits: (ParMarkBitMap*) 0x000000007253b090
 Begin Bits: [0x0000026721130000, 0x0000026723090000)
 End Bits:   [0x0000026723090000, 0x0000026724ff0000)

Polling page: 0x000002670fbb0000

CodeCache: size=245760Kb used=7822Kb max_used=7822Kb free=237937Kb
 bounds [0x00000267116e0000, 0x0000026711e90000, 0x00000267206e0000]
 total_blobs=2696 nmethods=2329 adapters=279
 compilation: enabled

Compilation events (10 events):
Event: 4.266 Thread 0x0000026726369800 2317       1       org.apache.maven.model.Contributor::getUrl (5 bytes)
Event: 4.266 Thread 0x0000026726369800 nmethod 2317 0x0000026711e6c450 code [0x0000026711e6c5a0, 0x0000026711e6c6b8]
Event: 4.266 Thread 0x0000026726369800 2318       1       org.apache.maven.model.Contributor::getOrganization (5 bytes)
Event: 4.266 Thread 0x0000026726369800 nmethod 2318 0x0000026711e6c710 code [0x0000026711e6c860, 0x0000026711e6c978]
Event: 4.266 Thread 0x0000026726369800 2319       1       org.apache.maven.model.Contributor::getOrganizationUrl (5 bytes)
Event: 4.266 Thread 0x0000026726369800 nmethod 2319 0x0000026711e6c9d0 code [0x0000026711e6cb20, 0x0000026711e6cc38]
Event: 4.266 Thread 0x0000026726369800 2320       1       org.apache.maven.model.Developer::getId (5 bytes)
Event: 4.266 Thread 0x0000026726369800 nmethod 2320 0x0000026711e6cc90 code [0x0000026711e6cde0, 0x0000026711e6cef8]
Event: 4.273 Thread 0x0000026726369800 2321       3       org.apache.maven.model.io.xpp3.MavenXpp3ReaderEx::parseModel (2136 bytes)
Event: 4.273 Thread 0x0000026726345800 2322       4       org.codehaus.plexus.util.xml.pull.MXParser::nextImpl (1202 bytes)

GC Heap History (6 events):
Event: 1.936 GC heap before
{Heap before GC invocations=1 (full 0):
 PSYoungGen      total 37888K, used 32768K [0x00000000d6300000, 0x00000000d8d00000, 0x0000000100000000)
  eden space 32768K, 100% used [0x00000000d6300000,0x00000000d8300000,0x00000000d8300000)
  from space 5120K, 0% used [0x00000000d8800000,0x00000000d8800000,0x00000000d8d00000)
  to   space 5120K, 0% used [0x00000000d8300000,0x00000000d8300000,0x00000000d8800000)
 ParOldGen       total 86016K, used 0K [0x0000000082800000, 0x0000000087c00000, 0x00000000d6300000)
  object space 86016K, 0% used [0x0000000082800000,0x0000000082800000,0x0000000087c00000)
 Metaspace       used 8652K, capacity 8764K, committed 8832K, reserved 1056768K
  class space    used 1041K, capacity 1112K, committed 1152K, reserved 1048576K
Event: 1.943 GC heap after
Heap after GC invocations=1 (full 0):
 PSYoungGen      total 37888K, used 5109K [0x00000000d6300000, 0x00000000d8d00000, 0x0000000100000000)
  eden space 32768K, 0% used [0x00000000d6300000,0x00000000d6300000,0x00000000d8300000)
  from space 5120K, 99% used [0x00000000d8300000,0x00000000d87fd598,0x00000000d8800000)
  to   space 5120K, 0% used [0x00000000d8800000,0x00000000d8800000,0x00000000d8d00000)
 ParOldGen       total 86016K, used 16K [0x0000000082800000, 0x0000000087c00000, 0x00000000d6300000)
  object space 86016K, 0% used [0x0000000082800000,0x0000000082804000,0x0000000087c00000)
 Metaspace       used 8652K, capacity 8764K, committed 8832K, reserved 1056768K
  class space    used 1041K, capacity 1112K, committed 1152K, reserved 1048576K
}
Event: 2.617 GC heap before
{Heap before GC invocations=2 (full 0):
 PSYoungGen      total 37888K, used 37877K [0x00000000d6300000, 0x00000000d8d00000, 0x0000000100000000)
  eden space 32768K, 100% used [0x00000000d6300000,0x00000000d8300000,0x00000000d8300000)
  from space 5120K, 99% used [0x00000000d8300000,0x00000000d87fd598,0x00000000d8800000)
  to   space 5120K, 0% used [0x00000000d8800000,0x00000000d8800000,0x00000000d8d00000)
 ParOldGen       total 86016K, used 16K [0x0000000082800000, 0x0000000087c00000, 0x00000000d6300000)
  object space 86016K, 0% used [0x0000000082800000,0x0000000082804000,0x0000000087c00000)
 Metaspace       used 12355K, capacity 12500K, committed 12672K, reserved 1060864K
  class space    used 1525K, capacity 1606K, committed 1664K, reserved 1048576K
Event: 2.625 GC heap after
Heap after GC invocations=2 (full 0):
 PSYoungGen      total 37888K, used 5119K [0x00000000d6300000, 0x00000000d8d00000, 0x0000000100000000)
  eden space 32768K, 0% used [0x00000000d6300000,0x00000000d6300000,0x00000000d8300000)
  from space 5120K, 99% used [0x00000000d8800000,0x00000000d8cffee8,0x00000000d8d00000)
  to   space 5120K, 0% used [0x00000000d8300000,0x00000000d8300000,0x00000000d8800000)
 ParOldGen       total 86016K, used 2235K [0x0000000082800000, 0x0000000087c00000, 0x00000000d6300000)
  object space 86016K, 2% used [0x0000000082800000,0x0000000082a2efc8,0x0000000087c00000)
 Metaspace       used 12355K, capacity 12500K, committed 12672K, reserved 1060864K
  class space    used 1525K, capacity 1606K, committed 1664K, reserved 1048576K
}
Event: 3.791 GC heap before
{Heap before GC invocations=3 (full 0):
 PSYoungGen      total 37888K, used 37887K [0x00000000d6300000, 0x00000000d8d00000, 0x0000000100000000)
  eden space 32768K, 100% used [0x00000000d6300000,0x00000000d8300000,0x00000000d8300000)
  from space 5120K, 99% used [0x00000000d8800000,0x00000000d8cffee8,0x00000000d8d00000)
  to   space 5120K, 0% used [0x00000000d8300000,0x00000000d8300000,0x00000000d8800000)
 ParOldGen       total 86016K, used 2235K [0x0000000082800000, 0x0000000087c00000, 0x00000000d6300000)
  object space 86016K, 2% used [0x0000000082800000,0x0000000082a2efc8,0x0000000087c00000)
 Metaspace       used 15194K, capacity 15400K, committed 15616K, reserved 1062912K
  class space    used 1836K, capacity 1940K, committed 2048K, reserved 1048576K
Event: 3.812 GC heap after
Heap after GC invocations=3 (full 0):
 PSYoungGen      total 37888K, used 5088K [0x00000000d6300000, 0x00000000dad00000, 0x0000000100000000)
  eden space 32768K, 0% used [0x00000000d6300000,0x00000000d6300000,0x00000000d8300000)
  from space 5120K, 99% used [0x00000000d8300000,0x00000000d87f8020,0x00000000d8800000)
  to   space 5120K, 0% used [0x00000000da800000,0x00000000da800000,0x00000000dad00000)
 ParOldGen       total 86016K, used 5057K [0x0000000082800000, 0x0000000087c00000, 0x00000000d6300000)
  object space 86016K, 5% used [0x0000000082800000,0x0000000082cf07b8,0x0000000087c00000)
 Metaspace       used 15194K, capacity 15400K, committed 15616K, reserved 1062912K
  class space    used 1836K, capacity 1940K, committed 2048K, reserved 1048576K
}

Deoptimization events (10 events):
Event: 3.562 Thread 0x000002670fc15000 Uncommon trap: reason=class_check action=maybe_recompile pc=0x0000026711c41e08 method=java.util.regex.Pattern$7.isSatisfiedBy(I)Z @ 16
Event: 3.562 Thread 0x000002670fc15000 Uncommon trap: reason=class_check action=maybe_recompile pc=0x0000026711c41e08 method=java.util.regex.Pattern$7.isSatisfiedBy(I)Z @ 16
Event: 3.562 Thread 0x000002670fc15000 Uncommon trap: reason=class_check action=maybe_recompile pc=0x0000026711c41e08 method=java.util.regex.Pattern$7.isSatisfiedBy(I)Z @ 16
Event: 3.562 Thread 0x000002670fc15000 Uncommon trap: reason=class_check action=maybe_recompile pc=0x0000026711c41e08 method=java.util.regex.Pattern$7.isSatisfiedBy(I)Z @ 16
Event: 3.621 Thread 0x000002670fc15000 Uncommon trap: reason=unstable_if action=reinterpret pc=0x0000026711c48370 method=java.lang.String.trim()Ljava/lang/String; @ 63
Event: 3.634 Thread 0x000002670fc15000 Uncommon trap: reason=unstable_if action=reinterpret pc=0x0000026711c4d4c4 method=org.codehaus.plexus.util.xml.pull.MXParser.nextImpl()I @ 879
Event: 4.238 Thread 0x000002670fc15000 Uncommon trap: reason=unstable_if action=reinterpret pc=0x0000026711e07b98 method=org.apache.maven.model.interpolation.StringVisitorModelInterpolator$ModelVisitor.visit(Lorg/codehaus/plexus/util/xml/Xpp3Dom;)V @ 43
Event: 4.252 Thread 0x000002670fc15000 Uncommon trap: reason=unstable_if action=reinterpret pc=0x0000026711d38c80 method=org.codehaus.plexus.util.xml.pull.MXParser.nextImpl()I @ 1161
Event: 4.256 Thread 0x000002670fc15000 Uncommon trap: reason=unstable_if action=reinterpret pc=0x000002671199edd4 method=sun.nio.cs.UTF_8$Decoder.decodeArrayLoop(Ljava/nio/ByteBuffer;Ljava/nio/CharBuffer;)Ljava/nio/charset/CoderResult; @ 84
Event: 4.275 Thread 0x000002670fc15000 Uncommon trap: reason=unstable_if action=reinterpret pc=0x0000026711d0c2fc method=org.apache.maven.model.io.xpp3.MavenXpp3ReaderEx.nextTag(Lorg/codehaus/plexus/util/xml/pull/XmlPullParser;)I @ 9

Classes redefined (0 events):
No events

Internal exceptions (10 events):
Event: 2.815 Thread 0x000002670fc15000 Exception <a 'java/lang/NoClassDefFoundError': javax/annotation/Priority> (0x00000000d69aab60) thrown at [C:\jenkins\workspace\8-2-build-windows-x64-cygwin\jdk8u361\3183\hotspot\src\share\vm\classfile\systemDictionary.cpp, line 201]
Event: 3.090 Thread 0x000002670fc15000 Exception <a 'java/lang/NullPointerException'> (0x00000000d6f66c48) thrown at [C:\jenkins\workspace\8-2-build-windows-x64-cygwin\jdk8u361\3183\hotspot\src\share\vm\interpreter\linkResolver.cpp, line 1185]
Event: 3.090 Thread 0x000002670fc15000 Exception <a 'java/lang/NullPointerException'> (0x00000000d6f66e60) thrown at [C:\jenkins\workspace\8-2-build-windows-x64-cygwin\jdk8u361\3183\hotspot\src\share\vm\interpreter\linkResolver.cpp, line 1185]
Event: 3.090 Thread 0x000002670fc15000 Exception <a 'java/lang/NullPointerException'> (0x00000000d6f67078) thrown at [C:\jenkins\workspace\8-2-build-windows-x64-cygwin\jdk8u361\3183\hotspot\src\share\vm\interpreter\linkResolver.cpp, line 1185]
Event: 3.092 Thread 0x000002670fc15000 Exception <a 'java/lang/NullPointerException'> (0x00000000d6f70600) thrown at [C:\jenkins\workspace\8-2-build-windows-x64-cygwin\jdk8u361\3183\hotspot\src\share\vm\interpreter\linkResolver.cpp, line 1185]
Event: 3.092 Thread 0x000002670fc15000 Exception <a 'java/lang/NullPointerException'> (0x00000000d6f70818) thrown at [C:\jenkins\workspace\8-2-build-windows-x64-cygwin\jdk8u361\3183\hotspot\src\share\vm\interpreter\linkResolver.cpp, line 1185]
Event: 3.092 Thread 0x000002670fc15000 Exception <a 'java/lang/NullPointerException'> (0x00000000d6f70a30) thrown at [C:\jenkins\workspace\8-2-build-windows-x64-cygwin\jdk8u361\3183\hotspot\src\share\vm\interpreter\linkResolver.cpp, line 1185]
Event: 3.140 Thread 0x000002670fc15000 Implicit null exception at 0x0000026711903296 to 0x000002671190363d
Event: 3.140 Thread 0x000002670fc15000 Implicit null exception at 0x00000267118d2956 to 0x00000267118d2cf5
Event: 3.409 Thread 0x000002670fc15000 Implicit null exception at 0x0000026711ca9550 to 0x0000026711caa84d

Events (10 events):
Event: 4.238 Thread 0x000002670fc15000 DEOPT UNPACKING pc=0x00000267117258c3 sp=0x00000085fa1fde10 mode 2
Event: 4.252 Thread 0x000002670fc15000 Uncommon trap: trap_request=0xffffff65 fr.pc=0x0000026711d38c80
Event: 4.252 Thread 0x000002670fc15000 DEOPT PACKING pc=0x0000026711d38c80 sp=0x00000085fa1fde60
Event: 4.252 Thread 0x000002670fc15000 DEOPT UNPACKING pc=0x00000267117258c3 sp=0x00000085fa1fddc8 mode 2
Event: 4.256 Thread 0x000002670fc15000 Uncommon trap: trap_request=0xffffff65 fr.pc=0x000002671199edd4
Event: 4.256 Thread 0x000002670fc15000 DEOPT PACKING pc=0x000002671199edd4 sp=0x00000085fa1fda50
Event: 4.257 Thread 0x000002670fc15000 DEOPT UNPACKING pc=0x00000267117258c3 sp=0x00000085fa1fd998 mode 2
Event: 4.275 Thread 0x000002670fc15000 Uncommon trap: trap_request=0xffffff65 fr.pc=0x0000026711d0c2fc
Event: 4.275 Thread 0x000002670fc15000 DEOPT PACKING pc=0x0000026711d0c2fc sp=0x00000085fa1fde40
Event: 4.275 Thread 0x000002670fc15000 DEOPT UNPACKING pc=0x00000267117258c3 sp=0x00000085fa1fddd8 mode 2


Dynamic libraries:
0x00007ff695c30000 - 0x00007ff695c77000 	C:\Program Files\Java\jdk1.8.0_361\bin\javaw.exe
0x00007fff1ead0000 - 0x00007fff1ecc8000 	C:\Windows\SYSTEM32\ntdll.dll
0x00007fff1e9d0000 - 0x00007fff1ea8d000 	C:\Windows\System32\KERNEL32.DLL
0x00007fff1c520000 - 0x00007fff1c816000 	C:\Windows\System32\KERNELBASE.dll
0x00007fff1d370000 - 0x00007fff1d423000 	C:\Windows\System32\ADVAPI32.dll
0x00007fff1e660000 - 0x00007fff1e6fe000 	C:\Windows\System32\msvcrt.dll
0x00007fff1e5c0000 - 0x00007fff1e65f000 	C:\Windows\System32\sechost.dll
0x00007fff1e8a0000 - 0x00007fff1e9c6000 	C:\Windows\System32\RPCRT4.dll
0x00007fff1c190000 - 0x00007fff1c1b7000 	C:\Windows\System32\bcrypt.dll
0x00007fff1e700000 - 0x00007fff1e89e000 	C:\Windows\System32\USER32.dll
0x00007fff1c8c0000 - 0x00007fff1c8e2000 	C:\Windows\System32\win32u.dll
0x00007fff1d260000 - 0x00007fff1d28b000 	C:\Windows\System32\GDI32.dll
0x00007fff1c980000 - 0x00007fff1ca97000 	C:\Windows\System32\gdi32full.dll
0x00007fff1c820000 - 0x00007fff1c8bd000 	C:\Windows\System32\msvcp_win.dll
0x00007fff1c270000 - 0x00007fff1c370000 	C:\Windows\System32\ucrtbase.dll
0x00007fff00f80000 - 0x00007fff0121a000 	C:\Windows\WinSxS\amd64_microsoft.windows.common-controls_6595b64144ccf1df_6.0.19041.3636_none_60b6a03d71f818d5\COMCTL32.dll
0x00007fff1dea0000 - 0x00007fff1ded2000 	C:\Windows\System32\IMM32.DLL
0x00007fff00510000 - 0x00007fff00525000 	C:\Program Files\Java\jdk1.8.0_361\jre\bin\vcruntime140.dll
0x00007ffeda140000 - 0x00007ffeda1db000 	C:\Program Files\Java\jdk1.8.0_361\jre\bin\msvcp140.dll
0x0000000071d50000 - 0x00000000725b3000 	C:\Program Files\Java\jdk1.8.0_361\jre\bin\server\jvm.dll
0x00007fff1de60000 - 0x00007fff1de68000 	C:\Windows\System32\PSAPI.DLL
0x00007fff019d0000 - 0x00007fff019d9000 	C:\Windows\SYSTEM32\WSOCK32.dll
0x00007fff1dcd0000 - 0x00007fff1dd3b000 	C:\Windows\System32\WS2_32.dll
0x00007fff049f0000 - 0x00007fff04a17000 	C:\Windows\SYSTEM32\WINMM.dll
0x00007fff12f70000 - 0x00007fff12f7a000 	C:\Windows\SYSTEM32\VERSION.dll
0x00007fff1a990000 - 0x00007fff1a9a2000 	C:\Windows\SYSTEM32\kernel.appcore.dll
0x00007fff14cc0000 - 0x00007fff14cd0000 	C:\Program Files\Java\jdk1.8.0_361\jre\bin\verify.dll
0x00007ffeda110000 - 0x00007ffeda13b000 	C:\Program Files\Java\jdk1.8.0_361\jre\bin\java.dll
0x00007ffed8700000 - 0x00007ffed8718000 	C:\Program Files\Java\jdk1.8.0_361\jre\bin\zip.dll
0x00007fff1cb10000 - 0x00007fff1d255000 	C:\Windows\System32\SHELL32.dll
0x00007fff1a1e0000 - 0x00007fff1a97c000 	C:\Windows\SYSTEM32\windows.storage.dll
0x00007fff1d640000 - 0x00007fff1d994000 	C:\Windows\System32\combase.dll
0x00007fff1baf0000 - 0x00007fff1bb1e000 	C:\Windows\SYSTEM32\Wldp.dll
0x00007fff1d9a0000 - 0x00007fff1da6d000 	C:\Windows\System32\OLEAUT32.dll
0x00007fff1da70000 - 0x00007fff1db1d000 	C:\Windows\System32\SHCORE.dll
0x00007fff1d5e0000 - 0x00007fff1d635000 	C:\Windows\System32\shlwapi.dll
0x00007fff1c0c0000 - 0x00007fff1c0e5000 	C:\Windows\SYSTEM32\profapi.dll
0x00007fff1ba50000 - 0x00007fff1ba68000 	C:\Windows\SYSTEM32\CRYPTSP.dll
0x00007fff1b140000 - 0x00007fff1b174000 	C:\Windows\system32\rsaenh.dll
0x00007fff1c080000 - 0x00007fff1c0ae000 	C:\Windows\SYSTEM32\USERENV.dll
0x00007fff1c8f0000 - 0x00007fff1c972000 	C:\Windows\System32\bcryptprimitives.dll
0x00007fff1ba40000 - 0x00007fff1ba4c000 	C:\Windows\SYSTEM32\CRYPTBASE.dll
0x00007ffed2b70000 - 0x00007ffed2b8c000 	C:\Program Files\Java\jdk1.8.0_361\jre\bin\net.dll
0x00007fff1b850000 - 0x00007fff1b8ba000 	C:\Windows\system32\mswsock.dll
0x00007fff1b540000 - 0x00007fff1b57b000 	C:\Windows\SYSTEM32\IPHLPAPI.DLL
0x00007fff1ddf0000 - 0x00007fff1ddf8000 	C:\Windows\System32\NSI.dll
0x00007fff11fa0000 - 0x00007fff11fb7000 	C:\Windows\SYSTEM32\dhcpcsvc6.DLL
0x00007fff12330000 - 0x00007fff1234d000 	C:\Windows\SYSTEM32\dhcpcsvc.DLL
0x00007fff1b580000 - 0x00007fff1b64b000 	C:\Windows\SYSTEM32\DNSAPI.dll
0x00007ffed1d60000 - 0x00007ffed1d73000 	C:\Program Files\Java\jdk1.8.0_361\jre\bin\nio.dll
0x00007fff0b340000 - 0x00007fff0b34a000 	C:\Users\Lenovo\AppData\Local\Temp\jansi-1.17.1-8084854316319071593.dll
0x00007fff19f00000 - 0x00007fff1a0e4000 	C:\Windows\SYSTEM32\dbghelp.dll

VM Arguments:
jvm_args: -Dmaven.home=EMBEDDED -Dclassworlds.conf=C:\Users\Lenovo\Documents\DockerWithKurbernet\.metadata\.plugins\org.eclipse.m2e.launching\launches\m2conf15191943258564435988.tmp -Dmaven.multiModuleProjectDirectory=C:\Users\Lenovo\Documents\DockerWithKurbernet\department-service -Djansi.force=true -Djansi.passthrough=true -Dfile.encoding=Cp1252 
java_command: org.codehaus.plexus.classworlds.launcher.Launcher -B clean install -Dstyle.color=always
java_class_path (initial): C:\Users\Lenovo\Desktop\sts-4.8.1.RELEASE\plugins\org.eclipse.m2e.maven.runtime_1.16.0.20200610-1735\jars\plexus-classworlds-2.6.0.jar
Launcher Type: SUN_STANDARD

Environment Variables:
JAVA_HOME=C:\Program Files\Java\jdk1.8.0_361
PATH=C:/Users/Lenovo/Desktop/sts-4.8.1.RELEASE//plugins/org.eclipse.justj.openjdk.hotspot.jre.full.win32.x86_64_15.0.0.v20201014-1246/jre/bin/server;C:/Users/Lenovo/Desktop/sts-4.8.1.RELEASE//plugins/org.eclipse.justj.openjdk.hotspot.jre.full.win32.x86_64_15.0.0.v20201014-1246/jre/bin;C:\app\Lenovo\product\21c\dbhomeXE\bin;C:\Program Files (x86)\Common Files\Oracle\Java\javapath;C:\Windows\system32;C:\Windows;C:\Windows\System32\Wbem;C:\Windows\System32\WindowsPowerShell\v1.0\;C:\Windows\System32\OpenSSH\;C:\apache-maven-3.9.1\bin;C:\Program Files\Java\jdk1.8.0_361\bin;C:\Program Files\Git\cmd;C:\Program Files (x86)\Microsoft SQL Server\160\Tools\Binn\;C:\Program Files\Microsoft SQL Server\160\Tools\Binn\;C:\Program Files\Microsoft SQL Server\Client SDK\ODBC\170\Tools\Binn\;C:\Program Files\Microsoft SQL Server\160\DTS\Binn\;C:\Program Files (x86)\Microsoft SQL Server\160\DTS\Binn\;C:\Program Files\Azure Data Studio\bin;C:\Program Files\nodejs\;C:\Program Files\Docker\Docker\resources\bin;C:\Program Files\Kubernetes\Minikube;C:\Program Files\MySQL\MySQL Server 8.0;C:\apache-maven-3.9.1\bin;C:\Program Files\MySQL\MySQL Shell 8.0\bin\;C:\Users\Lenovo\AppData\Local\Microsoft\WindowsApps;C:\Users\Lenovo\AppData\Local\GitHubDesktop\bin;C:\Users\Lenovo\AppData\Local\Programs\Microsoft VS Code\bin;C:\Program Files\Azure Data Studio\bin;C:\Users\Lenovo\AppData\Roaming\npm;C:\Users\Lenovo\Desktop\sts-4.8.1.RELEASE;
USERNAME=Lenovo
OS=Windows_NT
PROCESSOR_IDENTIFIER=Intel64 Family 6 Model 142 Stepping 12, GenuineIntel



---------------  S Y S T E M  ---------------

OS: Windows 10 , 64 bit Build 19041 (10.0.19041.3636)

CPU:total 4 (initial active 4) (2 cores per cpu, 2 threads per core) family 6 model 142 stepping 12, cmov, cx8, fxsr, mmx, sse, sse2, sse3, ssse3, sse4.1, sse4.2, popcnt, avx, avx2, aes, clmul, erms, 3dnowpref, lzcnt, ht, tsc, tscinvbit, bmi1, bmi2, adx

Memory: 4k page, physical 8218932k(119804k free), swap 26280440k(28k free)

vm_info: Java HotSpot(TM) 64-Bit Server VM (25.361-b09) for windows-amd64 JRE (1.8.0_361-b09), built on Jan  9 2023 08:38:53 by "java_re" with MS VC++ 15.9 (VS2017)

time: Tue Feb 27 23:50:18 2024
timezone: India Standard Time
elapsed time: 4.319707 seconds (0d 0h 0m 4s)

